Microsoft (R) Macro Assembler Version 6.11		    10/22/23 14:30:50
one.asm							     Page 1 - 1


				;**************************************                  *
				;* coded by CXQ and ZHC
				;**************************************

				.model small       
				.486 

 = 0200				t0 equ 200h
 = 0201				t1 equ 201h
 = 0202				t2 equ 202h
 = 0203				tkz equ 203h

 0000				code  segment
				assume cs: code
 0000				start:
					; init
 0000  BA 0203				mov dx, tkz
one.asm(17): warning A4012: line number information for segment without class 'CODE' : code
 0003  B0 30				mov al, 00110000b
 0005  EE				out dx, al
					
 0006  BA 0200				mov dx, t0
 0009  B8 0009				mov ax, 9
 000C  EE				out dx, al
 000D  8A C4				mov al, ah
 000F  EE				out dx, al
					
					

					; high -->> light led
 0010  F4				hlt
 0011				code ends
				end start
Microsoft (R) Macro Assembler Version 6.11		    10/22/23 14:30:50
one.asm							     Symbols 2 - 1




Segments and Groups:

                N a m e                 Size     Length   Align   Combine Class

DGROUP . . . . . . . . . . . . .	GROUP
_DATA  . . . . . . . . . . . . .	16 Bit	 0000	  Word	  Public  'DATA'	
_TEXT  . . . . . . . . . . . . .	16 Bit	 0000	  Word	  Public  'CODE'	
code . . . . . . . . . . . . . .	16 Bit	 0011	  Para	  Private 


Symbols:

                N a m e                 Type     Value    Attr

@CodeSize  . . . . . . . . . . .	Number	 0000h	 
@DataSize  . . . . . . . . . . .	Number	 0000h	 
@Interface . . . . . . . . . . .	Number	 0000h	 
@Model . . . . . . . . . . . . .	Number	 0002h	 
@code  . . . . . . . . . . . . .	Text   	 _TEXT
@data  . . . . . . . . . . . . .	Text   	 DGROUP
@fardata?  . . . . . . . . . . .	Text   	 FAR_BSS
@fardata . . . . . . . . . . . .	Text   	 FAR_DATA
@stack . . . . . . . . . . . . .	Text   	 DGROUP
start  . . . . . . . . . . . . .	L Near	 0000	  code	
t0 . . . . . . . . . . . . . . .	Number	 0200h	 
t1 . . . . . . . . . . . . . . .	Number	 0201h	 
t2 . . . . . . . . . . . . . . .	Number	 0202h	 
tkz  . . . . . . . . . . . . . .	Number	 0203h	 

	   1 Warnings
	   0 Errors
