Microsoft (R) Macro Assembler Version 6.11		    10/22/23 16:49:44
six.asm							     Page 1 - 1


				; PA -->> ROW
				; PB -->> RCOW
				; PC0 -->> 8253.out0
				.Model small
				.486

 = 0270				t0 equ 270h
 = 0273				tkz equ 273h

 = 0200				PA_8255 equ 200h
 = 0201				PB_8255 equ 201h
 = 0202				PC_8255 equ 202h
 = 0203				KZ_8255 equ 203h

 0000				data segment	
 0000				data ends

 0000				code segment
					assume cs:code,ds:data
 0000				start:
 0000  B8 ---- R			mov ax,data
six.asm(21): warning A4012: line number information for segment without class 'CODE' : code
 0003  8E D8				mov ds,ax
 0005  E8 000C				call init8255
 0008  BA 0200				mov dx, PA_8255
 000B  B0 FF				mov al, 0ffh
 000D  EE				out dx, al
 000E  B9 03E8				mov cx, 1000
 0011				again:

 0011  E2 FE				loop again
 0013  F4				hlt
					

 0014				init8255 proc
 0014  BA 0203				mov dx,kz_8255
 0017  B0 81				mov al,10000001b
 0019  EE				out dx,al
 001A  C3				ret
 001B				init8255 endp



 001B				code ends

				end start
Microsoft (R) Macro Assembler Version 6.11		    10/22/23 16:49:44
six.asm							     Symbols 2 - 1




Segments and Groups:

                N a m e                 Size     Length   Align   Combine Class

DGROUP . . . . . . . . . . . . .	GROUP
_DATA  . . . . . . . . . . . . .	16 Bit	 0000	  Word	  Public  'DATA'	
_TEXT  . . . . . . . . . . . . .	16 Bit	 0000	  Word	  Public  'CODE'	
code . . . . . . . . . . . . . .	16 Bit	 001B	  Para	  Private 
data . . . . . . . . . . . . . .	16 Bit	 0000	  Para	  Private 


Procedures,  parameters and locals:

                N a m e                 Type     Value    Attr

init8255 . . . . . . . . . . . .	P Near	 0014	  code	Length= 0007 Private


Symbols:

                N a m e                 Type     Value    Attr

@CodeSize  . . . . . . . . . . .	Number	 0000h	 
@DataSize  . . . . . . . . . . .	Number	 0000h	 
@Interface . . . . . . . . . . .	Number	 0000h	 
@Model . . . . . . . . . . . . .	Number	 0002h	 
@code  . . . . . . . . . . . . .	Text   	 _TEXT
@data  . . . . . . . . . . . . .	Text   	 DGROUP
@fardata?  . . . . . . . . . . .	Text   	 FAR_BSS
@fardata . . . . . . . . . . . .	Text   	 FAR_DATA
@stack . . . . . . . . . . . . .	Text   	 DGROUP
KZ_8255  . . . . . . . . . . . .	Number	 0203h	 
PA_8255  . . . . . . . . . . . .	Number	 0200h	 
PB_8255  . . . . . . . . . . . .	Number	 0201h	 
PC_8255  . . . . . . . . . . . .	Number	 0202h	 
again  . . . . . . . . . . . . .	L Near	 0011	  code	
start  . . . . . . . . . . . . .	L Near	 0000	  code	
t0 . . . . . . . . . . . . . . .	Number	 0270h	 
tkz  . . . . . . . . . . . . . .	Number	 0273h	 

	   1 Warnings
	   0 Errors
