Microsoft (R) Macro Assembler Version 6.11		    11/16/23 14:42:04
8253_1.asm						     Page 1 - 1


				;**************************************
				;* coded by CXQ
				; 用 8253 产生产生周期为 5 秒 ,负脉冲宽度为 1 秒的连续脉冲，并用该连续脉冲驱动一个 LED
				;**************************************

				.model small       
				.486 

 = 0210				T0_8253 equ 210h
 = 0211				T1_8253 equ 211h
 = 0212				T2_8253 equ 212h
 = 0213				CTR_8253 equ 213h

 0000				code  segment
				assume cs: code
 0000				start:
					; init
 0000  BA 0213				mov dx, CTR_8253
8253_1.asm(18): warning A4012: line number information for segment without class 'CODE' : code
 0003  B0 36				mov al, 00110110b
 0005  EE				out dx, al
 0006  BA 0210				mov dx, T0_8253
 0009  B8 03E8				mov ax, 1000
 000C  EE				out dx, al
 000D  8A C4				mov al, ah
 000F  EE				out dx, al
					
 0010  BA 0213				mov dx, CTR_8253
 0013  B0 76				mov al, 01110110b
 0015  EE				out dx, al
 0016  BA 0211				mov dx, T1_8253
 0019  B8 03E8				mov ax, 1000
 001C  EE				out dx, al
 001D  8A C4				mov al, ah
 001F  EE				out dx, al
					
 0020  BA 0213				mov dx, CTR_8253
 0023  B0 B4				mov al, 10110100b  ; method 2
 0025  EE				out dx, al
 0026  BA 0212				mov dx, T2_8253
 0029  B8 0005				mov ax, 5
 002C  EE				out dx, al
 002D  8A C4				mov al, ah
 002F  EE				out dx, al
					
 0030  F4				hlt
 0031				code ends
				end start
Microsoft (R) Macro Assembler Version 6.11		    11/16/23 14:42:04
8253_1.asm						     Symbols 2 - 1




Segments and Groups:

                N a m e                 Size     Length   Align   Combine Class

DGROUP . . . . . . . . . . . . .	GROUP
_DATA  . . . . . . . . . . . . .	16 Bit	 0000	  Word	  Public  'DATA'	
_TEXT  . . . . . . . . . . . . .	16 Bit	 0000	  Word	  Public  'CODE'	
code . . . . . . . . . . . . . .	16 Bit	 0031	  Para	  Private 


Symbols:

                N a m e                 Type     Value    Attr

@CodeSize  . . . . . . . . . . .	Number	 0000h	 
@DataSize  . . . . . . . . . . .	Number	 0000h	 
@Interface . . . . . . . . . . .	Number	 0000h	 
@Model . . . . . . . . . . . . .	Number	 0002h	 
@code  . . . . . . . . . . . . .	Text   	 _TEXT
@data  . . . . . . . . . . . . .	Text   	 DGROUP
@fardata?  . . . . . . . . . . .	Text   	 FAR_BSS
@fardata . . . . . . . . . . . .	Text   	 FAR_DATA
@stack . . . . . . . . . . . . .	Text   	 DGROUP
CTR_8253 . . . . . . . . . . . .	Number	 0213h	 
T0_8253  . . . . . . . . . . . .	Number	 0210h	 
T1_8253  . . . . . . . . . . . .	Number	 0211h	 
T2_8253  . . . . . . . . . . . .	Number	 0212h	 
start  . . . . . . . . . . . . .	L Near	 0000	  code	

	   1 Warnings
	   0 Errors
