Microsoft (R) Macro Assembler Version 6.11		    10/15/23 15:27:41
2.asm							     Page 1 - 1


				.Model small
				.486

 = 0200				PA_8255 equ 200h
 = 0202				PC_8255 equ 202h
 = 0203				CTR_8255 equ 203h
 = 00FF				FLAG equ 0FFh
 = 0024				GREEN_NS equ 24h
 = 0081				GREEN_EW equ 81h
 0000				data segment	
 0000 24 44 04 44 04 44			states db 24h,44h,04h,44h,04h,44h,04h
       04
 0007  81 82 80 82 80 82			   db 81h,82h,80h,82h,80h,82h,80h
       80
 000E  FF					   db 0ffh
 000F				data ends

 0000				code segment
					assume cs:code,ds:data
 0000				start:
 0000  B8 ---- R			mov ax,data
2.asm(19): warning A4012: line number information for segment without class 'CODE' : code
 0003  8E D8				mov ds,ax
 0005  E8 003B				call init8255
 0008				again:
 0008  BE 0000				mov si,0
 000B				nextstate:
 000B  8A 84 0000 R			mov al,states[si]
 000F  3C FF				cmp al,FLAG
 0011  74 F5				jz again
 0013  BA 0200				mov dx,PA_8255
 0016  EE				out dx,al
 0017  46				inc si
 0018  3C 24				cmp al,GREEN_NS
 001A  74 09				jz longDelay
 001C  3C 81				cmp al,GREEN_EW
 001E  74 05				jz longDelay
 0020  E8 0014				call delay2s
 0023  EB 03				jmp next
 0025				longDelay:
 0025  E8 0003				call delay30s
 0028				next: 
 0028  74 E1				jz nextstate
 002A  F4				hlt
					
 002B				delay30s proc
 002B  B9 0005				mov cx,5
 002E				again_30s:
 002E  E8 0019				call wait4High
 0031  E8 001F				call wait4Low
 0034  E2 F8				loop again_30s
 0036  C3				ret
 0037				delay30s endp

 0037				delay2s proc
 0037  B9 0001				mov cx,1
 003A				again_2s:
 003A  E8 000D				call wait4High
 003D  E8 0013				call wait4Low
 0040  E2 F8				loop again_2s
 0042  C3				ret
 0043				delay2s endp
 0043				init8255 proc
 0043  BA 0203				mov dx,CTR_8255
 0046  B0 81				mov al,10000001B
 0048  EE				out dx,al
 0049  C3				ret
 004A				init8255 endp
 004A				wait4High proc
 004A  BA 0202				mov dx,PC_8255
 004D				nextL:
 004D  EC				in al,dx
 004E  A8 01				test al,1;;00000001B
 0050  74 FB				jz nextL
 0052  C3				ret
 0053				wait4High endp
 0053				wait4Low proc
 0053  BA 0202				mov dx,PC_8255
 0056				nextH:
 0056  EC				in al,dx
 0057  A8 01				test al,1
 0059  75 FB				jnz nextH
 005B  C3				ret
 005C				wait4Low endp


 005C				code ends

				end start
Microsoft (R) Macro Assembler Version 6.11		    10/15/23 15:27:41
2.asm							     Symbols 2 - 1




Segments and Groups:

                N a m e                 Size     Length   Align   Combine Class

DGROUP . . . . . . . . . . . . .	GROUP
_DATA  . . . . . . . . . . . . .	16 Bit	 0000	  Word	  Public  'DATA'	
_TEXT  . . . . . . . . . . . . .	16 Bit	 0000	  Word	  Public  'CODE'	
code . . . . . . . . . . . . . .	16 Bit	 005C	  Para	  Private 
data . . . . . . . . . . . . . .	16 Bit	 000F	  Para	  Private 


Procedures,  parameters and locals:

                N a m e                 Type     Value    Attr

delay2s  . . . . . . . . . . . .	P Near	 0037	  code	Length= 000C Private
delay30s . . . . . . . . . . . .	P Near	 002B	  code	Length= 000C Private
init8255 . . . . . . . . . . . .	P Near	 0043	  code	Length= 0007 Private
wait4High  . . . . . . . . . . .	P Near	 004A	  code	Length= 0009 Private
wait4Low . . . . . . . . . . . .	P Near	 0053	  code	Length= 0009 Private


Symbols:

                N a m e                 Type     Value    Attr

@CodeSize  . . . . . . . . . . .	Number	 0000h	 
@DataSize  . . . . . . . . . . .	Number	 0000h	 
@Interface . . . . . . . . . . .	Number	 0000h	 
@Model . . . . . . . . . . . . .	Number	 0002h	 
@code  . . . . . . . . . . . . .	Text   	 _TEXT
@data  . . . . . . . . . . . . .	Text   	 DGROUP
@fardata?  . . . . . . . . . . .	Text   	 FAR_BSS
@fardata . . . . . . . . . . . .	Text   	 FAR_DATA
@stack . . . . . . . . . . . . .	Text   	 DGROUP
CTR_8255 . . . . . . . . . . . .	Number	 0203h	 
FLAG . . . . . . . . . . . . . .	Number	 00FFh	 
GREEN_EW . . . . . . . . . . . .	Number	 0081h	 
GREEN_NS . . . . . . . . . . . .	Number	 0024h	 
PA_8255  . . . . . . . . . . . .	Number	 0200h	 
PC_8255  . . . . . . . . . . . .	Number	 0202h	 
again_2s . . . . . . . . . . . .	L Near	 003A	  code	
again_30s  . . . . . . . . . . .	L Near	 002E	  code	
again  . . . . . . . . . . . . .	L Near	 0008	  code	
longDelay  . . . . . . . . . . .	L Near	 0025	  code	
nextH  . . . . . . . . . . . . .	L Near	 0056	  code	
nextL  . . . . . . . . . . . . .	L Near	 004D	  code	
nextstate  . . . . . . . . . . .	L Near	 000B	  code	
next . . . . . . . . . . . . . .	L Near	 0028	  code	
start  . . . . . . . . . . . . .	L Near	 0000	  code	
states . . . . . . . . . . . . .	Byte	 0000	  data	

	   1 Warnings
	   0 Errors
